<?xml version="1.0" encoding="UTF-8"?>
<!-- Generated by org.testng.reporters.JUnitXMLReporter -->
<testsuite hostname="WINDELL-B6HDFLT" ignored="0" name="Test" tests="6" failures="3" timestamp="2023-02-14T11:12:25 EST" time="88.524" errors="0">
  <testcase name="test1" time="16.093" classname="com.Inetbanking.testcases.Login"/>
  <testcase name="loginddd" time="6.183" classname="com.Inetbanking.testcases.Logindatadriven"/>
  <testcase name="loginddd" time="4.253" classname="com.Inetbanking.testcases.Logindatadriven">
    <failure type="java.lang.AssertionError" message="expected [true] but found [false]">
      <![CDATA[java.lang.AssertionError: expected [true] but found [false]
at com.Inetbanking.testcases.Logindatadriven.loginddd(Logindatadriven.java:36)
at java.util.ArrayList.forEach(ArrayList.java:1257)
... Removed 35 stack frames]]>
    </failure>
  </testcase> <!-- loginddd -->
  <testcase name="loginddd" time="5.03" classname="com.Inetbanking.testcases.Logindatadriven">
    <failure type="java.lang.AssertionError" message="expected [true] but found [false]">
      <![CDATA[java.lang.AssertionError: expected [true] but found [false]
at com.Inetbanking.testcases.Logindatadriven.loginddd(Logindatadriven.java:36)
at java.util.ArrayList.forEach(ArrayList.java:1257)
... Removed 35 stack frames]]>
    </failure>
  </testcase> <!-- loginddd -->
  <testcase name="loginddd" time="5.441" classname="com.Inetbanking.testcases.Logindatadriven">
    <failure type="java.lang.AssertionError" message="expected [true] but found [false]">
      <![CDATA[java.lang.AssertionError: expected [true] but found [false]
at com.Inetbanking.testcases.Logindatadriven.loginddd(Logindatadriven.java:36)
at java.util.ArrayList.forEach(ArrayList.java:1257)
... Removed 35 stack frames]]>
    </failure>
  </testcase> <!-- loginddd -->
  <testcase name="test2" time="15.08" classname="com.Inetbanking.testcases.Newcustomer"/>
</testsuite> <!-- Test -->
